<?xml version='1.0' encoding='UTF-8'?>
<testsuite hostname="joao-Inspiron-13-5378" name="patmat.HuffmanSuite" tests="9" errors="0" failures="0" skipped="0" time="0.142" timestamp="2020-06-14T19:38:00">
                     <properties>
[...]
</properties>
                     <testcase classname="patmat.HuffmanSuite" name="chars of a larger tree (10pts)" time="0.054">
                                                 
                                               </testcase><testcase classname="patmat.HuffmanSuite" name="weight of a larger tree (10pts)" time="0.001">
                                                 
                                               </testcase><testcase classname="patmat.HuffmanSuite" name="decode and encode a very short text should be identity (10pts)" time="0.077">
                                                 
                                               </testcase><testcase classname="patmat.HuffmanSuite" name="decode simple tree" time="0.002">
                                                 
                                               </testcase><testcase classname="patmat.HuffmanSuite" name="makeOrderedLeafList returns Leaf" time="0.004">
                                                 
                                               </testcase><testcase classname="patmat.HuffmanSuite" name="string2chars hello world" time="0.001">
                                                 
                                               </testcase><testcase classname="patmat.HuffmanSuite" name="time returns List" time="0.001">
                                                 
                                               </testcase><testcase classname="patmat.HuffmanSuite" name="combine of some leaf list (15pts)" time="0.001">
                                                 
                                               </testcase><testcase classname="patmat.HuffmanSuite" name="make ordered leaf list for some frequency table (15pts)" time="0.001">
                                                 
                                               </testcase>
                     <system-out><![CDATA[]]></system-out>
                     <system-err><![CDATA[]]></system-err>
                   </testsuite>